<?xml version="1.0" encoding="UTF-8"?><testsuite errors="0" failures="1" name="Traductor de Google" skipped="0" tests="1" time="19.61" timestamp="2023-04-03 05:39:00"><testcase name="Traducir de ingles a Espannol"><failure message="The following error occurred: Expected enabled element was not enabled" type="net.thucydides.core.webdriver.exceptions.ElementShouldBeEnabledException">The following error occurred: Expected enabled element was not enabled</failure><system-err>The following error occurred: Expected enabled element was not enabled&#13;
co.com.prueba.traductor.tasks.Traducir.performAs(Traducir.java:24)&#13;
co.com.prueba.traductor.stepdefinitions.TraductorGoogleStepDefinitions.el_traduce_la_palabra_table_de_Ingles_a_Espannol(TraductorGoogleStepDefinitions.java:33)&#13;
cucumber.runner.Runner.runPickle(Runner.java:80)&#13;
worker.org.gradle.process.internal.worker.GradleWorkerMain.run(GradleWorkerMain.java:69)&#13;
worker.org.gradle.process.internal.worker.GradleWorkerMain.main(GradleWorkerMain.java:74)&#13;
</system-err></testcase></testsuite>